CRITICAL - 2023-09-29 01:33:07 --> Constant expression contains invalid operations
in APPPATH\Models\usuario.php on line 8.
 1 [internal function]: CodeIgniter\Debug\Exceptions->shutdownHandler()
CRITICAL - 2023-09-29 01:34:17 --> Constant expression contains invalid operations
in APPPATH\Models\usuario.php on line 8.
 1 [internal function]: CodeIgniter\Debug\Exceptions->shutdownHandler()
CRITICAL - 2023-09-29 01:35:57 --> Constant expression contains invalid operations
in APPPATH\Models\usuario.php on line 8.
 1 [internal function]: CodeIgniter\Debug\Exceptions->shutdownHandler()
CRITICAL - 2023-09-29 01:37:30 --> Constant expression contains invalid operations
in APPPATH\Models\usuario.php on line 8.
 1 [internal function]: CodeIgniter\Debug\Exceptions->shutdownHandler()
CRITICAL - 2023-09-29 01:37:34 --> Constant expression contains invalid operations
in APPPATH\Models\usuario.php on line 8.
 1 [internal function]: CodeIgniter\Debug\Exceptions->shutdownHandler()
CRITICAL - 2023-09-29 01:41:18 --> Constant expression contains invalid operations
in APPPATH\Models\usuario.php on line 8.
 1 [internal function]: CodeIgniter\Debug\Exceptions->shutdownHandler()
CRITICAL - 2023-09-29 01:41:43 --> Allowed fields must be specified for model: "App\Models\Usuario"
in SYSTEMPATH\Model.php on line 736.
 1 SYSTEMPATH\Model.php(736): CodeIgniter\Database\Exceptions\DataException::forInvalidAllowedFields('App\\Models\\Usuario')
 2 SYSTEMPATH\BaseModel.php(763): CodeIgniter\Model->doProtectFieldsForInsert([...])
 3 SYSTEMPATH\Model.php(715): CodeIgniter\BaseModel->insert([...], true)
 4 APPPATH\Controllers\Home.php(40): CodeIgniter\Model->insert([...])
 5 SYSTEMPATH\CodeIgniter.php(915): App\Controllers\Home->guardar()
 6 SYSTEMPATH\CodeIgniter.php(492): CodeIgniter\CodeIgniter->runController(Object(App\Controllers\Home))
 7 SYSTEMPATH\CodeIgniter.php(353): CodeIgniter\CodeIgniter->handleRequest(null, Object(Config\Cache), false)
 8 FCPATH\index.php(79): CodeIgniter\CodeIgniter->run()
CRITICAL - 2023-09-29 01:41:56 --> Constant expression contains invalid operations
in APPPATH\Models\usuario.php on line 8.
 1 [internal function]: CodeIgniter\Debug\Exceptions->shutdownHandler()
CRITICAL - 2023-09-29 01:42:22 --> Constant expression contains invalid operations
in APPPATH\Models\usuario.php on line 8.
 1 [internal function]: CodeIgniter\Debug\Exceptions->shutdownHandler()
CRITICAL - 2023-09-29 01:50:22 --> Invalid file: "login.php"
in SYSTEMPATH\Exceptions\FrameworkException.php on line 39.
 1 SYSTEMPATH\View\View.php(214): CodeIgniter\Exceptions\FrameworkException::forInvalidFile('login.php')
 2 SYSTEMPATH\Common.php(1178): CodeIgniter\View\View->render('login', [], true)
 3 APPPATH\Controllers\Home.php(58): view('login')
 4 SYSTEMPATH\CodeIgniter.php(915): App\Controllers\Home->registrar_usuario()
 5 SYSTEMPATH\CodeIgniter.php(492): CodeIgniter\CodeIgniter->runController(Object(App\Controllers\Home))
 6 SYSTEMPATH\CodeIgniter.php(353): CodeIgniter\CodeIgniter->handleRequest(null, Object(Config\Cache), false)
 7 FCPATH\index.php(79): CodeIgniter\CodeIgniter->run()
CRITICAL - 2023-09-29 12:09:51 --> Undefined array key "usuario"
in APPPATH\Views\home.php on line 143.
 1 APPPATH\Views\home.php(143): CodeIgniter\Debug\Exceptions->errorHandler(2, 'Undefined array key "usuario"', 'C:\\xampp\\htdocs\\discoverxchange\\app\\Views\\home.php', 143)
 2 SYSTEMPATH\View\View.php(226): include('C:\\xampp\\htdocs\\discoverxchange\\app\\Views\\home.php')
 3 SYSTEMPATH\View\View.php(229): CodeIgniter\View\View->CodeIgniter\View\{closure}()
 4 SYSTEMPATH\Common.php(1178): CodeIgniter\View\View->render('home', [], true)
 5 APPPATH\Controllers\Home.php(24): view('home')
 6 SYSTEMPATH\CodeIgniter.php(915): App\Controllers\Home->home()
 7 SYSTEMPATH\CodeIgniter.php(492): CodeIgniter\CodeIgniter->runController(Object(App\Controllers\Home))
 8 SYSTEMPATH\CodeIgniter.php(353): CodeIgniter\CodeIgniter->handleRequest(null, Object(Config\Cache), false)
 9 FCPATH\index.php(79): CodeIgniter\CodeIgniter->run()
CRITICAL - 2023-09-29 14:19:24 --> Undefined array key "usuario"
in APPPATH\Views\shop.php on line 141.
 1 APPPATH\Views\shop.php(141): CodeIgniter\Debug\Exceptions->errorHandler(2, 'Undefined array key "usuario"', 'C:\\xampp\\htdocs\\discoverxchange\\app\\Views\\shop.php', 141)
 2 SYSTEMPATH\View\View.php(226): include('C:\\xampp\\htdocs\\discoverxchange\\app\\Views\\shop.php')
 3 SYSTEMPATH\View\View.php(229): CodeIgniter\View\View->CodeIgniter\View\{closure}()
 4 SYSTEMPATH\Common.php(1178): CodeIgniter\View\View->render('shop', [], true)
 5 APPPATH\Controllers\Home.php(28): view('shop')
 6 SYSTEMPATH\CodeIgniter.php(915): App\Controllers\Home->shop()
 7 SYSTEMPATH\CodeIgniter.php(492): CodeIgniter\CodeIgniter->runController(Object(App\Controllers\Home))
 8 SYSTEMPATH\CodeIgniter.php(353): CodeIgniter\CodeIgniter->handleRequest(null, Object(Config\Cache), false)
 9 FCPATH\index.php(79): CodeIgniter\CodeIgniter->run()
